<?xml version="1.0" encoding="UTF-8"?>
<!-- Generated by org.testng.reporters.JUnitReportReporter -->
<testsuite hostname="Tejas-MacBook-Air.local" name="Features.TestRun" tests="2" failures="0" timestamp="26 Jul 2020 02:30:06 GMT" time="58.721" errors="0">
  <testcase name="runScenario" time="32.734" classname="Features.TestRun"/>
  <testcase name="runScenario" time="25.987" classname="Features.TestRun"/>
</testsuite> <!-- Features.TestRun -->
